----------

Sun Jan 10 2021 21:01:03 GMT-0600 (Central Standard Time)

Script chmod +x export.sh couldn't be run

----------

Mon Jan 11 2021 21:14:52 GMT-0600 (Central Standard Time)

Script chmod +x export.sh couldn't be run

----------

Mon Jan 11 2021 21:15:03 GMT-0600 (Central Standard Time)

Script chmod +x export.sh couldn't be run

----------

Mon Feb 22 2021 22:38:27 GMT-0600 (Central Standard Time)

Script chmod +x export.sh couldn't be run

----------

Mon Feb 22 2021 22:39:33 GMT-0600 (Central Standard Time)

Script chmod +x export.sh couldn't be run

----------

Mon Feb 22 2021 22:43:10 GMT-0600 (Central Standard Time)

Script chmod +x export.sh couldn't be run

----------

Mon Feb 22 2021 22:43:50 GMT-0600 (Central Standard Time)

Script chmod +x export.sh couldn't be run

----------

Mon Feb 22 2021 22:44:55 GMT-0600 (Central Standard Time)

Script chmod +x export.sh couldn't be run

----------

Mon Feb 22 2021 22:47:13 GMT-0600 (Central Standard Time)

Script chmod +x export.sh couldn't be run

